************* Module Tetris
C:  1, 0: Module name "Tetris" doesn't conform to snake_case naming style (invalid-name)
C:  1, 0: Missing module docstring (missing-docstring)
C:  5, 0: Constant name "r" doesn't conform to UPPER_CASE naming style (invalid-name)
C:  8, 0: Constant name "cl" doesn't conform to UPPER_CASE naming style (invalid-name)
C: 10, 0: Constant name "ls" doesn't conform to UPPER_CASE naming style (invalid-name)
C: 10, 4: Constant name "mp" doesn't conform to UPPER_CASE naming style (invalid-name)
C: 10, 8: Constant name "rn" doesn't conform to UPPER_CASE naming style (invalid-name)
C: 11, 0: Constant name "pd" doesn't conform to UPPER_CASE naming style (invalid-name)
C: 11, 4: Constant name "m" doesn't conform to UPPER_CASE naming style (invalid-name)
C: 11, 7: Constant name "q" doesn't conform to UPPER_CASE naming style (invalid-name)
C: 11,10: Constant name "pg" doesn't conform to UPPER_CASE naming style (invalid-name)
C: 11,14: Constant name "qg" doesn't conform to UPPER_CASE naming style (invalid-name)
C: 12, 0: Constant name "g" doesn't conform to UPPER_CASE naming style (invalid-name)
C: 12, 3: Constant name "ng" doesn't conform to UPPER_CASE naming style (invalid-name)
C: 12, 7: Constant name "pn" doesn't conform to UPPER_CASE naming style (invalid-name)
C: 12,11: Constant name "uf" doesn't conform to UPPER_CASE naming style (invalid-name)
C: 12,15: Constant name "uc" doesn't conform to UPPER_CASE naming style (invalid-name)
C: 12,19: Constant name "sp" doesn't conform to UPPER_CASE naming style (invalid-name)
C: 12,23: Constant name "tn" doesn't conform to UPPER_CASE naming style (invalid-name)
C: 13, 0: Constant name "a" doesn't conform to UPPER_CASE naming style (invalid-name)
C: 14, 0: Constant name "bb" doesn't conform to UPPER_CASE naming style (invalid-name)
C: 15, 0: Constant name "nx" doesn't conform to UPPER_CASE naming style (invalid-name)
C: 17, 0: Constant name "tt" doesn't conform to UPPER_CASE naming style (invalid-name)
C: 20, 0: Constant name "img" doesn't conform to UPPER_CASE naming style (invalid-name)
C: 24, 0: Function name "bs" doesn't conform to snake_case naming style (invalid-name)
C: 24, 0: Argument name "e" doesn't conform to snake_case naming style (invalid-name)
C: 24, 0: Missing function docstring (missing-docstring)
C: 25, 4: Constant name "pd" doesn't conform to UPPER_CASE naming style (invalid-name)
C: 25, 4: Constant name "m" doesn't conform to UPPER_CASE naming style (invalid-name)
C: 25, 4: Constant name "g" doesn't conform to UPPER_CASE naming style (invalid-name)
C: 25, 4: Constant name "q" doesn't conform to UPPER_CASE naming style (invalid-name)
C: 25, 4: Constant name "x" doesn't conform to UPPER_CASE naming style (invalid-name)
C: 25, 4: Constant name "y" doesn't conform to UPPER_CASE naming style (invalid-name)
C: 25, 4: Constant name "pn" doesn't conform to UPPER_CASE naming style (invalid-name)
C: 25, 4: Constant name "pg" doesn't conform to UPPER_CASE naming style (invalid-name)
C: 25, 4: Constant name "sp" doesn't conform to UPPER_CASE naming style (invalid-name)
C: 25, 4: Constant name "tn" doesn't conform to UPPER_CASE naming style (invalid-name)
C: 25, 4: Constant name "qg" doesn't conform to UPPER_CASE naming style (invalid-name)
C: 25, 4: Constant name "nx" doesn't conform to UPPER_CASE naming style (invalid-name)
C: 25, 4: Constant name "ng" doesn't conform to UPPER_CASE naming style (invalid-name)
C: 25, 4: Constant name "lp" doesn't conform to UPPER_CASE naming style (invalid-name)
C: 25, 4: Constant name "sc" doesn't conform to UPPER_CASE naming style (invalid-name)
W: 25, 4: Global variable 'x' undefined at the module level (global-variable-undefined)
W: 25, 4: Global variable 'y' undefined at the module level (global-variable-undefined)
W: 25, 4: Global variable 'lp' undefined at the module level (global-variable-undefined)
W: 25, 4: Global variable 'sc' undefined at the module level (global-variable-undefined)
C: 28, 4: Function name "rq" doesn't conform to snake_case naming style (invalid-name)
C: 28, 4: Argument name "n" doesn't conform to snake_case naming style (invalid-name)
C: 28, 4: Missing function docstring (missing-docstring)
C: 28,15: More than one statement on a single line (multiple-statements)
C: 42,12: Variable name "nq" doesn't conform to snake_case naming style (invalid-name)
C: 59,12: Variable name "l" doesn't conform to snake_case naming style (invalid-name)
C: 71, 0: Argument name "e" doesn't conform to snake_case naming style (invalid-name)
C: 71, 0: Missing function docstring (missing-docstring)
C: 72, 4: Constant name "sp" doesn't conform to UPPER_CASE naming style (invalid-name)
C: 72, 4: Constant name "x" doesn't conform to UPPER_CASE naming style (invalid-name)
C: 72, 4: Constant name "pd" doesn't conform to UPPER_CASE naming style (invalid-name)
C: 72, 4: Constant name "ts" doesn't conform to UPPER_CASE naming style (invalid-name)
C: 72, 4: Constant name "q" doesn't conform to UPPER_CASE naming style (invalid-name)
C: 72, 4: Constant name "g" doesn't conform to UPPER_CASE naming style (invalid-name)
C: 72, 4: Constant name "y" doesn't conform to UPPER_CASE naming style (invalid-name)
C: 72, 4: Constant name "uf" doesn't conform to UPPER_CASE naming style (invalid-name)
C: 72, 4: Constant name "tn" doesn't conform to UPPER_CASE naming style (invalid-name)
W: 72, 4: Global variable 'x' undefined at the module level (global-variable-undefined)
W: 72, 4: Global variable 'ts' undefined at the module level (global-variable-undefined)
W: 72, 4: Global variable 'y' undefined at the module level (global-variable-undefined)
C: 73, 4: Variable name "n" doesn't conform to snake_case naming style (invalid-name)
C: 80, 8: Variable name "ed" doesn't conform to snake_case naming style (invalid-name)
C: 85,16: Variable name "ed" doesn't conform to snake_case naming style (invalid-name)
C: 86, 8: Variable name "n4" doesn't conform to snake_case naming style (invalid-name)
C: 88,12: Variable name "n4" doesn't conform to snake_case naming style (invalid-name)
C: 89, 8: Variable name "n3" doesn't conform to snake_case naming style (invalid-name)
C: 91,16: Variable name "l" doesn't conform to snake_case naming style (invalid-name)
E: 93,26: Using variable 'ts' before assignment (used-before-assignment)
C: 96,20: Variable name "n2" doesn't conform to snake_case naming style (invalid-name)
C:100,12: Variable name "n3" doesn't conform to snake_case naming style (invalid-name)
R: 71, 0: Too many branches (15/12) (too-many-branches)
C:113, 0: Missing function docstring (missing-docstring)
W:146,12: Redefining name 'tn' from outer scope (line 12) (redefined-outer-name)
C:114, 4: Constant name "ts" doesn't conform to UPPER_CASE naming style (invalid-name)
C:114, 4: Constant name "y" doesn't conform to UPPER_CASE naming style (invalid-name)
C:114, 4: Constant name "x" doesn't conform to UPPER_CASE naming style (invalid-name)
C:114, 4: Constant name "uf" doesn't conform to UPPER_CASE naming style (invalid-name)
C:114, 4: Constant name "uc" doesn't conform to UPPER_CASE naming style (invalid-name)
C:114, 4: Constant name "pd" doesn't conform to UPPER_CASE naming style (invalid-name)
C:114, 4: Constant name "q" doesn't conform to UPPER_CASE naming style (invalid-name)
C:114, 4: Constant name "m" doesn't conform to UPPER_CASE naming style (invalid-name)
C:114, 4: Constant name "pn" doesn't conform to UPPER_CASE naming style (invalid-name)
C:114, 4: Constant name "sp" doesn't conform to UPPER_CASE naming style (invalid-name)
C:114, 4: Constant name "lp" doesn't conform to UPPER_CASE naming style (invalid-name)
C:114, 4: Constant name "sc" doesn't conform to UPPER_CASE naming style (invalid-name)
W:114, 4: Global variable 'ts' undefined at the module level (global-variable-undefined)
W:114, 4: Global variable 'y' undefined at the module level (global-variable-undefined)
W:114, 4: Global variable 'x' undefined at the module level (global-variable-undefined)
W:114, 4: Global variable 'lp' undefined at the module level (global-variable-undefined)
W:114, 4: Global variable 'sc' undefined at the module level (global-variable-undefined)
C:137,12: Variable name "sz" doesn't conform to snake_case naming style (invalid-name)
C:142,20: Variable name "sz" doesn't conform to snake_case naming style (invalid-name)
C:143,16: Variable name "l" doesn't conform to snake_case naming style (invalid-name)
C:146,12: Variable name "tn" doesn't conform to snake_case naming style (invalid-name)
W:153, 8: No exception type(s) specified (bare-except)
W:146,12: Unused variable 'tn' (unused-variable)
C:159, 0: Function name "ml" doesn't conform to snake_case naming style (invalid-name)
C:159, 0: Argument name "e" doesn't conform to snake_case naming style (invalid-name)
C:159, 0: Missing function docstring (missing-docstring)
C:160, 4: Constant name "q" doesn't conform to UPPER_CASE naming style (invalid-name)
W:160, 4: Using the global statement (global-statement)
C:165, 0: Constant name "sb" doesn't conform to UPPER_CASE naming style (invalid-name)

------------------------------------------------------------------
Your code has been rated at 2.48/10 (previous run: 2.48/10, +0.00)

